GET /api/categories/discount 200 2792 - 27.906 ms
GET /api/banners 200 189 - 31.479 ms
GET /api/categories/new 200 4589 - 48.250 ms
GET /api/cart 200 461 - 53.688 ms
GET /api/categories/all 200 74880 - 189.175 ms
GET /api/categories/discount 200 2792 - 24.914 ms  
GET /api/banners 200 189 - 30.412 ms  
GET /api/categories/new 200 4589 - 43.666 ms  
GET /api/categories/all 200 74880 - 123.309 ms  
GET /api/cart 200 461 - 29.081 ms  
POST /api/cart 201 1094 - 137.575 ms {"quantity":1,"product":{"name":{"lv":"Musli batoniņš ar dzērvenēm šokolādē","en":"","de":""},"description":{"lv":"","en":"","de":""},"ingredients":{"lv":"Sastāvdaļas: Šokolāde 15% (kakao masa, cukurs, kakao sviests, emulgators: sojas lecitīns), medus, glikozes- fruktozes sīrups, auzu pārslas pilngraudu, dzērvenes cukurotas kaltētas 10%, saulespuķu sēklas, kokosrieksta skaidiņas, ingvers. Šokolāde satur ne mazāk kā 55% kopējās kakao sausnas, tostarp ne mazāk kā 34,5% kakao sviesta. Var saturēt zemesriekstu, citu riekstu un sezama sēklu daļiņas.","en":"","de":""},"nutrition":{"energy":427,"fat":16,"saturatedFat":8.1,"carbs":60,"sugar":45,"fiber":7.6,"protein":6.2,"salt":0.01},"discount":{"discountPrice":20,"startDate":"2023-10-24T21:00:00.000Z","endDate":"2023-12-30T21:59:59.999Z"},"expiration":"","weight":40,"price":69,"EAN":"4750271000099","image":"dzervenes-768x768.png","bio":false,"badges":[],"relatedProducts":["6527f8f17bb6b6cfd22e8e12","65280550d90c5abbaff60723"],"id":"652803e3d90c5abbaff6070e"}}
POST /api/cart 400 27 - 12.701 ms {"quantity":1,"productId":"652803e3d90c5abbaff6070e"}
POST /api/cart 201 1094 - 120.960 ms {"quantity":1,"productId":"652803e3d90c5abbaff6070e"}
POST /api/cart 201 1094 - 73.514 ms {"quantity":1,"productId":"652803e3d90c5abbaff6070e"}
POST /api/cart 201 1094 - 64.493 ms {"quantity":"0","productId":"652803e3d90c5abbaff6070e"}
POST /api/cart 201 1094 - 108.427 ms {"quantity":"-1","productId":"652803e3d90c5abbaff6070e"}
POST /api/cart 400 27 - 12.541 ms {"product":{"name":{"lv":"Musli batoniņš ar dzērvenēm šokolādē","en":"","de":""},"description":{"lv":"","en":"","de":""},"ingredients":{"lv":"Sastāvdaļas: Šokolāde 15% (kakao masa, cukurs, kakao sviests, emulgators: sojas lecitīns), medus, glikozes- fruktozes sīrups, auzu pārslas pilngraudu, dzērvenes cukurotas kaltētas 10%, saulespuķu sēklas, kokosrieksta skaidiņas, ingvers. Šokolāde satur ne mazāk kā 55% kopējās kakao sausnas, tostarp ne mazāk kā 34,5% kakao sviesta. Var saturēt zemesriekstu, citu riekstu un sezama sēklu daļiņas.","en":"","de":""},"nutrition":{"energy":427,"fat":16,"saturatedFat":8.1,"carbs":60,"sugar":45,"fiber":7.6,"protein":6.2,"salt":0.01},"discount":{"discountPrice":20,"startDate":"2023-10-24T21:00:00.000Z","endDate":"2023-12-30T21:59:59.999Z"},"expiration":"","weight":40,"price":69,"EAN":"4750271000099","image":"dzervenes-768x768.png","bio":false,"badges":[],"relatedProducts":["6527f8f17bb6b6cfd22e8e12","65280550d90c5abbaff60723"],"id":"652803e3d90c5abbaff6070e"},"quantity":1}
POST /api/cart 201 1094 - 91.016 ms {"productId":"652803e3d90c5abbaff6070e","quantity":1}
POST /api/cart 201 1094 - 107.212 ms {"productId":"652803e3d90c5abbaff6070e","quantity":1}
POST /api/cart 400 27 - 13.627 ms {"product":{"name":{"lv":"Musli batoniņš ar dzērvenēm šokolādē","en":"","de":""},"description":{"lv":"","en":"","de":""},"ingredients":{"lv":"Sastāvdaļas: Šokolāde 15% (kakao masa, cukurs, kakao sviests, emulgators: sojas lecitīns), medus, glikozes- fruktozes sīrups, auzu pārslas pilngraudu, dzērvenes cukurotas kaltētas 10%, saulespuķu sēklas, kokosrieksta skaidiņas, ingvers. Šokolāde satur ne mazāk kā 55% kopējās kakao sausnas, tostarp ne mazāk kā 34,5% kakao sviesta. Var saturēt zemesriekstu, citu riekstu un sezama sēklu daļiņas.","en":"","de":""},"nutrition":{"energy":427,"fat":16,"saturatedFat":8.1,"carbs":60,"sugar":45,"fiber":7.6,"protein":6.2,"salt":0.01},"discount":{"discountPrice":20,"startDate":"2023-10-24T21:00:00.000Z","endDate":"2023-12-30T21:59:59.999Z"},"expiration":"","weight":40,"price":69,"EAN":"4750271000099","image":"dzervenes-768x768.png","bio":false,"badges":[],"relatedProducts":["6527f8f17bb6b6cfd22e8e12","65280550d90c5abbaff60723"],"id":"652803e3d90c5abbaff6070e"},"quantity":-999999999999}
GET /api/products 304 - - 138.292 ms  
GET /api/cart 200 1541 - 107.863 ms  
GET /api/categories/ 304 - - 177.520 ms  
POST /api/cart 201 14 - 58.611 ms {"productId":"652803e3d90c5abbaff6070e","quantity":-999999999999}
GET /api/categories/all 200 74880 - 122.560 ms  
POST /api/cart 201 706 - 93.068 ms {"quantity":1,"productId":"6527ed7f42ae6b13dc7a8777"}
GET /api/dpd/pickup_points 200 66322 - 445.187 ms  
PUT /api/cart 201 27 - 66.551 ms  
PUT /api/cart 201 33 - 76.266 ms  
GET /api/dpd/pickup_points 200 66322 - 8.649 ms  
GET /api/cart 200 1179 - 44.364 ms  
GET /api/dpd/pickup_points 200 66322 - 5.691 ms  
GET /api/cart 200 1179 - 59.646 ms  
PUT /api/cart 201 33 - 67.670 ms  
PUT /api/cart 201 33 - 41.221 ms  
GET /api/dpd/pickup_points 200 66322 - 6.438 ms  
GET /api/cart 200 1179 - 47.297 ms  
PUT /api/cart 201 33 - 69.180 ms  
GET /api/dpd/pickup_points 200 66322 - 3.339 ms  
GET /api/cart 200 1179 - 42.448 ms  
PUT /api/cart 201 33 - 40.273 ms  
GET /api/dpd/pickup_points 200 66322 - 3.745 ms  
GET /api/cart 200 1179 - 75.283 ms  
PUT /api/cart 201 33 - 39.124 ms  
GET /api/dpd/pickup_points 200 66322 - 3.102 ms  
GET /api/cart 200 1179 - 68.300 ms  
PUT /api/cart 201 33 - 37.658 ms  
GET /api/dpd/pickup_points 200 66322 - 2.895 ms  
PUT /api/cart 201 23 - 49.465 ms  
GET /api/dpd/pickup_points 200 66322 - 3.575 ms  
GET /api/cart 200 1169 - 42.140 ms  
PUT /api/cart 201 23 - 56.064 ms  
GET /api/dpd/pickup_points 200 66322 - 3.046 ms  
GET /api/cart 200 1169 - 43.304 ms  
GET /api/dpd/pickup_points 200 66322 - 3.570 ms  
GET /api/cart 200 1169 - 46.263 ms  
GET /api/dpd/pickup_points 200 66322 - 3.606 ms  
GET /api/cart 200 1169 - 45.710 ms  
GET /api/dpd/pickup_points 200 66322 - 3.103 ms  
GET /api/cart 200 1169 - 44.930 ms  
PUT /api/cart 400 26 - 16.908 ms  
GET /api/dpd/pickup_points 200 66322 - 2.891 ms  
GET /api/cart 200 1169 - 42.523 ms  
PUT /api/cart 201 24 - 74.772 ms  
PUT /api/cart 400 26 - 13.397 ms  
GET /api/dpd/pickup_points 200 66322 - 5.261 ms  
GET /api/cart 200 1170 - 38.682 ms  
PUT /api/cart 400 26 - 13.734 ms  
PUT /api/cart 400 26 - 25.940 ms  
PUT /api/cart 201 32 - 56.800 ms  
PUT /api/cart 201 32 - 40.506 ms  
PUT /api/cart 201 32 - 72.869 ms  
PUT /api/cart 400 26 - 12.384 ms  
PUT /api/cart 400 26 - 16.850 ms  
PUT /api/cart 400 26 - 17.294 ms  
GET /api/dpd/pickup_points 200 66322 - 4.554 ms  
GET /api/cart 200 1178 - 59.597 ms  
PUT /api/cart 201 32 - 37.721 ms  
PUT /api/cart 201 32 - 99.935 ms  
PUT /api/cart 201 81 - 99.829 ms  
PUT /api/cart 201 81 - 45.934 ms  
PUT /api/cart 201 29 - 84.112 ms  
PUT /api/cart 201 32 - 47.109 ms  
PUT /api/cart 201 29 - 66.548 ms  
PUT /api/cart 201 32 - 49.875 ms  
PUT /api/cart 201 81 - 40.390 ms  
PUT /api/cart 201 81 - 58.444 ms  
PUT /api/cart 201 29 - 69.801 ms  
GET /api/dpd/pickup_points 200 66322 - 3.649 ms  
GET /api/cart 200 1184 - 45.767 ms  
GET /api/categories/ 304 - - 182.961 ms  
GET /api/products 304 - - 212.188 ms  
GET /api/dpd/pickup_points 200 66322 - 5.443 ms  
GET /api/cart 200 1184 - 41.052 ms  
GET /api/categories/ 304 - - 135.963 ms  
GET /api/products 304 - - 159.872 ms  
GET /api/categories/ 304 - - 151.831 ms  
GET /api/products 304 - - 172.179 ms  
GET /api/dpd/pickup_points 200 66322 - 5.170 ms  
GET /api/cart 200 1184 - 39.991 ms  
GET /api/products 304 - - 123.914 ms  
GET /api/categories/ 304 - - 151.882 ms  
GET /api/dpd/pickup_points 200 66322 - 2.662 ms  
GET /api/cart 200 1184 - 50.058 ms  
GET /api/products 304 - - 107.028 ms  
GET /api/categories/ 304 - - 127.683 ms  
GET /api/dpd/pickup_points 200 66322 - 2.249 ms  
GET /api/cart 200 1184 - 68.230 ms  
GET /api/dpd/pickup_points 200 66322 - 4.408 ms  
GET /api/cart 200 1184 - 42.167 ms  
GET /api/categories/ 304 - - 152.001 ms  
GET /api/products 304 - - 178.936 ms  
GET /api/categories/ 304 - - 157.252 ms  
GET /api/products 304 - - 176.822 ms  
GET /api/dpd/pickup_points 200 66322 - 4.588 ms  
GET /api/cart 200 1184 - 61.629 ms  
GET /api/categories/ 304 - - 121.094 ms  
GET /api/products 304 - - 151.809 ms  
GET /api/dpd/pickup_points 200 66322 - 7.981 ms  
GET /api/cart 200 1184 - 80.953 ms  
GET /api/categories/all 200 74880 - 119.327 ms  
GET /api/products/6527ed7f42ae6b13dc7a8777 200 1842 - 99.136 ms  
GET /api/categories/discount 200 2792 - 17.069 ms  
GET /api/banners 200 189 - 17.879 ms  
GET /api/categories/new 200 4589 - 34.760 ms  
GET /api/categories/all 200 74880 - 98.750 ms  
GET /api/categories/all 200 74880 - 167.839 ms  
GET /api/categories/all 200 74880 - 129.471 ms  
GET /api/dpd/pickup_points 200 66322 - 8.930 ms  
PUT /api/cart 201 2 - 80.167 ms  
PUT /api/cart 201 2 - 61.027 ms  
PUT /api/cart 201 46 - 63.530 ms  
GET /api/dpd/pickup_points 304 - - 3.519 ms  
GET /api/cart 200 1184 - 44.684 ms  
PUT /api/cart 201 32 - 92.128 ms  
GET /api/order 304 - - 78.953 ms  
GET /api/categories/discount 304 - - 19.969 ms  
GET /api/banners 304 - - 22.589 ms  
GET /api/categories/new 304 - - 54.645 ms  
GET /api/categories/all 304 - - 144.865 ms  
GET /api/order 200 2 - 39.730 ms  
GET /api/categories/discount 200 2792 - 14.173 ms  
GET /api/banners 304 - - 17.051 ms  
GET /api/categories/new 200 4589 - 34.962 ms  
GET /api/categories/all 200 74880 - 100.969 ms  
GET /api/order 304 - - 35.004 ms  
GET /api/categories/discount 304 - - 20.637 ms  
GET /api/banners 304 - - 25.429 ms  
GET /api/categories/new 304 - - 38.123 ms  
GET /api/categories/all 304 - - 127.979 ms  
GET /api/cart 200 80 - 26.947 ms  
GET /api/categories/discount 304 - - 16.946 ms  
GET /api/banners 304 - - 19.945 ms  
GET /api/categories/new 304 - - 32.208 ms  
GET /api/categories/all 304 - - 120.966 ms  
POST /api/cart 201 904 - 92.915 ms {"quantity":1,"productId":"6527b77952cb8e5d123d5c53"}
POST /api/cart 201 904 - 76.472 ms {"quantity":1,"productId":"6527b77952cb8e5d123d5c53"}
GET /api/dpd/pickup_points 304 - - 469.328 ms  
PUT /api/cart 201 32 - 43.822 ms  
PUT /api/cart 201 36 - 71.018 ms  
PUT /api/cart 201 48 - 46.808 ms  
PUT /api/cart 201 63 - 134.899 ms  
PUT /api/cart 201 86 - 51.603 ms  
POST /api/cart/pay/ - - - - ms {"selectedLang":"lv"}
GET /api/cart 200 165 - 26.930 ms  
GET /api/categories/all 304 - - 134.299 ms  
POST /api/cart 201 706 - 111.325 ms {"quantity":1,"productId":"6527ed7f42ae6b13dc7a8777"}
GET /api/dpd/pickup_points 200 66322 - 5.809 ms  
PUT /api/cart 201 27 - 59.921 ms  
PUT /api/cart 201 32 - 46.583 ms  
PUT /api/cart 201 29 - 59.861 ms  
GET /api/order 200 1372 - 48.277 ms  
GET /api/categories/discount 304 - - 14.781 ms  
GET /api/banners 304 - - 17.519 ms  
GET /api/categories/new 200 4589 - 29.281 ms  
GET /api/categories/all 304 - - 148.494 ms  
GET /api/categories/discount 200 2792 - 13.943 ms  
GET /api/banners 200 189 - 16.115 ms  
GET /api/categories/new 200 4589 - 28.407 ms  
GET /api/cart 200 1187 - 46.909 ms  
GET /api/categories/all 200 74880 - 93.065 ms  
GET /api/order/all 200 206454 - 147.784 ms  
GET /api/order/6563596fbfb2ec5a714a38aa 200 1755 - 59.536 ms  
GET /api/categories/all 304 - - 356.782 ms  
GET /api/order/all 304 - - 169.234 ms  
GET /api/order/6563596fbfb2ec5a714a38aa 304 - - 45.165 ms  
GET /api/order/656292438553e7d961ebcc4d 304 - - 52.660 ms  
GET /api/order/6563596fbfb2ec5a714a38aa 304 - - 42.788 ms  
GET /api/order 200 59579 - 88.739 ms  
GET /api/products 304 - - 182.429 ms  
GET /api/order/all 304 - - 762.677 ms  
GET /api/categories/complete 304 - - 539.082 ms  
GET /api/banners 304 - - 15.072 ms  
GET /api/products/6528013ad90c5abbaff606ca 200 1842 - 190.621 ms  
GET /api/products 304 - - 1040.802 ms  
GET /api/categories/ 304 - - 1370.655 ms  
GET /api/banners 304 - - 64.941 ms  
GET /api/products/6528013ad90c5abbaff606ca 304 - - 101.671 ms  
GET /api/products/6528013ad90c5abbaff606ca 200 1842 - 102.337 ms  
GET /api/categories/ 304 - - 235.328 ms  
GET /api/products 304 - - 358.750 ms  
GET /api/categories/ 304 - - 408.424 ms  
GET /api/banners 304 - - 488.596 ms  
GET /api/products/6528013ad90c5abbaff606ca 304 - - 60.469 ms  
GET /api/products/6528013ad90c5abbaff606ca 200 1842 - 60.079 ms  
GET /api/products 304 - - 920.035 ms  
GET /api/banners 304 - - 15.950 ms  
GET /api/products/6528013ad90c5abbaff606ca 304 - - 49.913 ms  
GET /api/categories/ 304 - - 751.047 ms  
GET /api/products 304 - - 1007.280 ms  
GET /api/banners 304 - - 18.415 ms  
GET /api/products/6528013ad90c5abbaff606ca 304 - - 52.571 ms  
GET /api/categories/ 304 - - 172.430 ms  
GET /api/products 304 - - 339.310 ms  
GET /api/banners 304 - - 19.088 ms  
GET /api/products/6528013ad90c5abbaff606ca 304 - - 284.772 ms  
GET /api/categories/ 304 - - 314.452 ms  
GET /api/products 304 - - 1108.318 ms  
GET /api/banners 304 - - 20.763 ms  
GET /api/products/6528013ad90c5abbaff606ca 304 - - 93.236 ms  
GET /api/products/6528013ad90c5abbaff606ca 200 1842 - 94.062 ms  
GET /api/categories/ 304 - - 649.771 ms  
GET /api/products 304 - - 884.894 ms  
GET /api/banners 304 - - 19.464 ms  
GET /api/products/6528013ad90c5abbaff606ca 200 1842 - 81.557 ms  
GET /api/products/6528013ad90c5abbaff606ca 304 - - 84.313 ms  
GET /api/categories/ 304 - - 252.279 ms  
GET /api/products 304 - - 275.304 ms  
GET /api/banners 304 - - 35.856 ms  
GET /api/products/6528013ad90c5abbaff606ca 200 1842 - 69.879 ms  
GET /api/products/6528013ad90c5abbaff606ca 304 - - 71.947 ms  
GET /api/categories/ 304 - - 254.161 ms  
GET /api/products 304 - - 460.372 ms  
GET /api/banners 304 - - 16.392 ms  
GET /api/products/6528013ad90c5abbaff606ca 200 1842 - 51.549 ms  
GET /api/products/6528013ad90c5abbaff606ca 304 - - 54.921 ms  
GET /api/categories/ 304 - - 121.053 ms  
GET /api/products 304 - - 203.259 ms  
GET /api/banners 304 - - 29.913 ms  
GET /api/products/6528013ad90c5abbaff606ca 304 - - 67.995 ms  
GET /api/categories/ 304 - - 142.577 ms  
GET /api/products/6528013ad90c5abbaff606ca 304 - - 58.391 ms  
GET /api/products 304 - - 190.474 ms  
GET /api/banners 304 - - 16.938 ms  
GET /api/products/6528013ad90c5abbaff606ca 304 - - 41.678 ms  
GET /api/products/6528013ad90c5abbaff606ca 200 1842 - 41.941 ms  
GET /api/categories/ 304 - - 104.403 ms  
GET /api/products 304 - - 169.786 ms  
GET /api/banners 304 - - 18.983 ms  
GET /api/products/6528013ad90c5abbaff606ca 304 - - 41.666 ms  
GET /api/products/6528013ad90c5abbaff606ca 200 1842 - 41.803 ms  
GET /api/categories/ 304 - - 115.612 ms  
GET /api/products 304 - - 215.516 ms  
GET /api/banners 304 - - 15.074 ms  
GET /api/products/6528013ad90c5abbaff606ca 304 - - 44.139 ms  
GET /api/products/6528013ad90c5abbaff606ca 200 1842 - 44.535 ms  
GET /api/categories/ 304 - - 100.380 ms  
GET /api/products 304 - - 145.937 ms  
GET /api/banners 304 - - 22.311 ms  
GET /api/products/6528013ad90c5abbaff606ca 304 - - 45.519 ms  
GET /api/products/6528013ad90c5abbaff606ca 200 1842 - 45.468 ms  
GET /api/categories/ 304 - - 114.502 ms  
GET /api/products 304 - - 122.683 ms  
GET /api/banners 304 - - 31.723 ms  
GET /api/products/6528013ad90c5abbaff606ca 200 1842 - 57.003 ms  
GET /api/products/6528013ad90c5abbaff606ca 304 - - 56.275 ms  
GET /api/categories/ 304 - - 117.295 ms  
GET /api/products/6528013ad90c5abbaff606ca 200 1842 - 67.137 ms  
GET /api/products 304 - - 264.934 ms  
GET /api/banners 304 - - 65.239 ms  
GET /api/products/6528013ad90c5abbaff606ca 200 1842 - 93.663 ms  
GET /api/products/6528013ad90c5abbaff606ca 304 - - 93.862 ms  
GET /api/products/6528013ad90c5abbaff606ca 200 1842 - 57.339 ms  
GET /api/categories/ 304 - - 172.433 ms  
GET /api/products 304 - - 181.193 ms  
GET /api/banners 304 - - 25.074 ms  
GET /api/products/6528013ad90c5abbaff606ca 200 1842 - 69.528 ms  
GET /api/products/6528013ad90c5abbaff606ca 304 - - 71.114 ms  
GET /api/categories/ 304 - - 108.499 ms  
GET /api/products 304 - - 192.466 ms  
GET /api/banners 304 - - 28.779 ms  
GET /api/cart 304 - - 48.914 ms  
GET /api/products/6528013ad90c5abbaff606ca 304 - - 41.493 ms  
GET /api/products/6528013ad90c5abbaff606ca 200 1842 - 44.430 ms  
GET /api/categories/ 304 - - 174.212 ms  
GET /api/products 304 - - 206.452 ms  
GET /api/banners 304 - - 17.256 ms  
GET /api/cart 304 - - 40.372 ms  
GET /api/categories/ 304 - - 109.337 ms  
GET /api/products 304 - - 142.851 ms  
GET /api/products/6528013ad90c5abbaff606ca 304 - - 91.246 ms  
GET /api/products/6528013ad90c5abbaff606ca 304 - - 40.446 ms  
GET /api/banners 304 - - 15.529 ms  
GET /api/products/6528013ad90c5abbaff606ca 200 1842 - 45.616 ms  
GET /api/products/6528013ad90c5abbaff606ca 304 - - 45.901 ms  
GET /api/categories/ 304 - - 125.511 ms  
GET /api/products 304 - - 151.815 ms  
GET /api/banners 304 - - 15.220 ms  
GET /api/cart 304 - - 83.361 ms  
GET /api/products/6528013ad90c5abbaff606ca 304 - - 57.533 ms  
GET /api/products/6528013ad90c5abbaff606ca 200 1842 - 57.538 ms  
GET /api/categories/ 304 - - 161.250 ms  
GET /api/products 304 - - 276.731 ms  
GET /api/banners 304 - - 18.488 ms  
GET /api/products/6528013ad90c5abbaff606ca 304 - - 52.090 ms  
GET /api/products/6528013ad90c5abbaff606ca 200 1842 - 53.673 ms  
GET /api/categories/ 304 - - 130.286 ms  
GET /api/products 304 - - 160.612 ms  
GET /api/banners 304 - - 24.117 ms  
GET /api/cart 304 - - 50.044 ms  
GET /api/categories/ 304 - - 130.569 ms  
GET /api/products/6528013ad90c5abbaff606ca 200 1842 - 75.638 ms  
GET /api/products/6528013ad90c5abbaff606ca 304 - - 78.673 ms  
GET /api/products 304 - - 235.950 ms  
GET /api/banners 304 - - 15.388 ms  
GET /api/products/6528013ad90c5abbaff606ca 200 1842 - 45.854 ms  
GET /api/products/6528013ad90c5abbaff606ca 304 - - 48.064 ms  
GET /api/categories/ 304 - - 94.641 ms  
GET /api/products 304 - - 200.277 ms  
GET /api/banners 304 - - 15.348 ms  
GET /api/cart 304 - - 55.320 ms  
GET /api/categories/ 304 - - 106.061 ms  
GET /api/products/6528013ad90c5abbaff606ca 304 - - 77.430 ms  
GET /api/products/6528013ad90c5abbaff606ca 200 1842 - 77.156 ms  
GET /api/products 304 - - 199.141 ms  
GET /api/banners 304 - - 64.076 ms  
GET /api/products/6528013ad90c5abbaff606ca 200 1842 - 88.957 ms  
GET /api/products/6528013ad90c5abbaff606ca 304 - - 90.759 ms  
GET /api/categories/ 304 - - 146.577 ms  
GET /api/products 304 - - 237.289 ms  
GET /api/banners 200 189 - 12.410 ms  
GET /api/categories/ 200 177200 - 108.396 ms  
GET /api/products/6528013ad90c5abbaff606ca 200 1842 - 49.422 ms  
GET /api/products/6528013ad90c5abbaff606ca 200 1842 - 56.962 ms  
GET /api/products 200 162013 - 165.010 ms  
GET /api/banners 200 189 - 33.132 ms  
GET /api/products/6528013ad90c5abbaff606ca 200 1842 - 47.437 ms  
GET /api/products/6528013ad90c5abbaff606ca 200 1842 - 49.645 ms  
GET /api/categories/ 200 177200 - 113.967 ms  
GET /api/products 200 162013 - 167.557 ms  
GET /api/products/6528013ad90c5abbaff606ca 200 1842 - 51.438 ms  
GET /api/products/6528013ad90c5abbaff606ca 200 1842 - 51.439 ms  
GET /api/banners 200 189 - 16.783 ms  
GET /api/categories/ 200 177200 - 108.825 ms  
GET /api/cart 200 1187 - 65.456 ms  
GET /api/products 200 162013 - 178.519 ms  
GET /api/products/6528013ad90c5abbaff606ca 200 1842 - 57.867 ms  
GET /api/products/6528013ad90c5abbaff606ca 200 1842 - 58.130 ms  
GET /api/banners 200 189 - 13.089 ms  
GET /api/products/6528013ad90c5abbaff606ca 200 1842 - 53.806 ms  
GET /api/products/6528013ad90c5abbaff606ca 200 1842 - 52.981 ms  
GET /api/categories/ 200 177200 - 103.695 ms  
GET /api/products 200 162013 - 147.198 ms  
GET /api/banners 200 189 - 18.165 ms  
GET /api/products/6528013ad90c5abbaff606ca 200 1842 - 68.457 ms  
GET /api/products/6528013ad90c5abbaff606ca 200 1842 - 71.665 ms  
GET /api/categories/ 200 177200 - 135.074 ms  
GET /api/products 200 162013 - 229.846 ms  
GET /api/banners 200 189 - 14.796 ms  
GET /api/products/6528013ad90c5abbaff606ca 200 1842 - 58.499 ms  
GET /api/products/6528013ad90c5abbaff606ca 200 1842 - 60.979 ms  
GET /api/categories/ 200 177200 - 170.779 ms  
GET /api/products 200 162013 - 286.113 ms  
GET /api/banners 200 189 - 15.775 ms  
GET /api/products/6528013ad90c5abbaff606ca 200 1842 - 69.303 ms  
GET /api/products/6528013ad90c5abbaff606ca 200 1842 - 70.443 ms  
GET /api/categories/ 200 177200 - 139.730 ms  
GET /api/products 200 162013 - 197.391 ms  
GET /api/banners 200 189 - 22.340 ms  
GET /api/products/6528013ad90c5abbaff606ca 200 1842 - 42.878 ms  
GET /api/products/6528013ad90c5abbaff606ca 200 1842 - 43.232 ms  
GET /api/categories/ 200 177200 - 99.945 ms  
GET /api/products 200 162013 - 143.334 ms  
GET /api/banners 200 189 - 36.365 ms  
GET /api/products/6528013ad90c5abbaff606ca 200 1842 - 71.965 ms  
GET /api/products/6528013ad90c5abbaff606ca 200 1842 - 69.704 ms  
GET /api/categories/ 200 177200 - 119.023 ms  
GET /api/products 200 162013 - 153.544 ms  
GET /api/banners 200 189 - 13.404 ms  
GET /api/products/6528013ad90c5abbaff606ca 200 1842 - 42.355 ms  
GET /api/products/6528013ad90c5abbaff606ca 200 1842 - 42.844 ms  
GET /api/categories/ 200 177200 - 94.776 ms  
GET /api/products 200 162013 - 156.579 ms  
GET /api/banners 200 189 - 17.865 ms  
GET /api/cart 200 1187 - 117.665 ms  
GET /api/categories/ 200 177200 - 185.707 ms  
GET /api/products 200 162013 - 205.979 ms  
GET /api/products/6528013ad90c5abbaff606ca 200 1842 - 44.598 ms  
GET /api/products/6528013ad90c5abbaff606ca 200 1842 - 44.837 ms  
GET /api/banners 200 189 - 16.837 ms  
GET /api/products/6528013ad90c5abbaff606ca 200 1842 - 38.685 ms  
GET /api/products/6528013ad90c5abbaff606ca 200 1842 - 44.911 ms  
GET /api/categories/ 200 177200 - 120.230 ms  
GET /api/products 200 162013 - 239.223 ms  
GET /api/banners 200 189 - 14.872 ms  
GET /api/products/6528013ad90c5abbaff606ca 200 1842 - 113.775 ms  
GET /api/products/6528013ad90c5abbaff606ca 200 1842 - 116.159 ms  
GET /api/categories/ 200 177200 - 225.954 ms  
GET /api/products 200 162013 - 242.522 ms  
GET /api/banners 200 189 - 15.962 ms  
GET /api/products/6528013ad90c5abbaff606ca 200 1842 - 46.856 ms  
GET /api/products/6528013ad90c5abbaff606ca 200 1842 - 53.738 ms  
GET /api/categories/ 200 177200 - 113.731 ms  
GET /api/products 200 162013 - 156.000 ms  
GET /api/banners 200 189 - 14.582 ms  
GET /api/products/6528013ad90c5abbaff606ca 200 1842 - 48.984 ms  
GET /api/products/6528013ad90c5abbaff606ca 200 1842 - 53.441 ms  
GET /api/categories/ 200 177200 - 105.783 ms  
GET /api/products 200 162013 - 179.923 ms  
GET /api/banners 200 189 - 13.033 ms  
GET /api/products/6528013ad90c5abbaff606ca 200 1842 - 43.481 ms  
GET /api/products/6528013ad90c5abbaff606ca 200 1842 - 43.668 ms  
GET /api/categories/ 200 177200 - 110.545 ms  
GET /api/products 200 162013 - 166.742 ms  
GET /api/products/6528013ad90c5abbaff606ca 200 1842 - 97.997 ms  
GET /api/banners 200 189 - 18.399 ms  
GET /api/categories/ 200 177200 - 104.591 ms  
GET /api/cart 200 1187 - 53.035 ms  
GET /api/products 200 162013 - 203.047 ms  
GET /api/products/6528013ad90c5abbaff606ca 200 1842 - 75.936 ms  
GET /api/products/6528013ad90c5abbaff606ca 200 1842 - 76.373 ms  
GET /api/banners 200 189 - 46.195 ms  
GET /api/cart 200 1187 - 61.802 ms  
GET /api/categories/ 200 177200 - 157.398 ms  
GET /api/products 200 162013 - 189.751 ms  
GET /api/products/6528013ad90c5abbaff606ca 200 1842 - 70.878 ms  
GET /api/products/6528013ad90c5abbaff606ca 200 1842 - 70.517 ms  
GET /api/banners 200 189 - 18.991 ms  
GET /api/categories/ 200 177200 - 92.914 ms  
GET /api/cart 200 1187 - 63.218 ms  
GET /api/products 200 162013 - 196.674 ms  
GET /api/products/6528013ad90c5abbaff606ca 200 1842 - 72.748 ms  
GET /api/products/6528013ad90c5abbaff606ca 200 1842 - 80.269 ms  
GET /api/banners 200 189 - 12.702 ms  
GET /api/categories/ 200 177200 - 147.565 ms  
GET /api/cart 200 1187 - 59.588 ms  
GET /api/products 200 162013 - 146.543 ms  
GET /api/products/6528013ad90c5abbaff606ca 200 1842 - 56.549 ms  
GET /api/products/6528013ad90c5abbaff606ca 200 1842 - 57.802 ms  
GET /api/banners 200 189 - 18.817 ms  
GET /api/cart 200 1187 - 74.419 ms  
GET /api/categories/ 200 177200 - 156.007 ms  
GET /api/products/6528013ad90c5abbaff606ca 200 1842 - 49.547 ms  
GET /api/products/6528013ad90c5abbaff606ca 200 1842 - 50.027 ms  
GET /api/products 200 162013 - 240.570 ms  
GET /api/categories/ 200 177200 - 138.135 ms  
GET /api/products 200 162013 - 179.253 ms  
GET /api/banners 200 189 - 14.772 ms  
GET /api/categories/ 200 177200 - 107.608 ms  
GET /api/products/6528013ad90c5abbaff606ca 200 1842 - 44.940 ms  
GET /api/products/6528013ad90c5abbaff606ca 200 1842 - 52.842 ms  
GET /api/products 200 162013 - 239.599 ms  
GET /api/banners 200 189 - 27.546 ms  
GET /api/products/6528013ad90c5abbaff606ca 200 1842 - 53.123 ms  
GET /api/products/6528013ad90c5abbaff606ca 200 1842 - 53.418 ms  
GET /api/categories/ 200 177200 - 150.906 ms  
GET /api/products 200 162013 - 173.429 ms  
GET /api/banners 200 189 - 19.994 ms  
GET /api/cart 200 1187 - 105.568 ms  
GET /api/categories/ 200 177200 - 167.566 ms  
GET /api/products 200 162013 - 225.547 ms  
GET /api/products/6528013ad90c5abbaff606ca 200 1842 - 59.131 ms  
GET /api/products/6528013ad90c5abbaff606ca 200 1842 - 60.689 ms  
GET /api/banners 200 189 - 40.247 ms  
GET /api/cart 200 1187 - 94.563 ms  
GET /api/categories/ 200 177200 - 174.759 ms  
GET /api/products 200 162013 - 223.010 ms  
GET /api/products/6528013ad90c5abbaff606ca 200 1842 - 49.931 ms  
GET /api/products/6528013ad90c5abbaff606ca 200 1842 - 52.207 ms  
GET /api/banners 200 189 - 14.553 ms  
GET /api/cart 200 1187 - 105.778 ms  
GET /api/products/6528013ad90c5abbaff606ca 200 1842 - 40.988 ms  
GET /api/products/6528013ad90c5abbaff606ca 200 1842 - 45.539 ms  
GET /api/products 200 162013 - 274.943 ms  
GET /api/categories/ 200 177200 - 312.291 ms  
GET /api/banners 200 189 - 13.836 ms  
GET /api/products/6528013ad90c5abbaff606ca 200 1842 - 113.368 ms  
GET /api/products/6528013ad90c5abbaff606ca 200 1842 - 113.570 ms  
GET /api/categories/ 200 177200 - 166.239 ms  
GET /api/products 200 162013 - 242.962 ms  
GET /api/banners 200 189 - 32.946 ms  
GET /api/cart 200 1187 - 46.739 ms  
GET /api/categories/ 200 177200 - 136.342 ms  
GET /api/products 200 162013 - 144.891 ms  
GET /api/products/6528013ad90c5abbaff606ca 200 1842 - 40.139 ms  
GET /api/products/6528013ad90c5abbaff606ca 200 1842 - 74.633 ms  
GET /api/banners 200 189 - 21.239 ms  
GET /api/products/6528013ad90c5abbaff606ca 200 1842 - 61.698 ms  
GET /api/products/6528013ad90c5abbaff606ca 200 1842 - 62.919 ms  
GET /api/categories/ 200 177200 - 119.017 ms  
GET /api/products 200 162013 - 182.306 ms  
GET /api/banners 200 189 - 21.643 ms  
GET /api/cart 200 1187 - 94.394 ms  
GET /api/categories/ 200 177200 - 166.898 ms  
GET /api/products/6528013ad90c5abbaff606ca 200 1842 - 86.098 ms  
GET /api/products/6528013ad90c5abbaff606ca 200 1842 - 88.524 ms  
GET /api/products 200 162013 - 220.758 ms  
GET /api/banners 200 189 - 13.925 ms  
GET /api/products/6528013ad90c5abbaff606ca 200 1842 - 64.274 ms  
GET /api/products/6528013ad90c5abbaff606ca 200 1842 - 66.254 ms  
GET /api/categories/ 200 177200 - 114.550 ms  
GET /api/products 200 162013 - 174.871 ms  
GET /api/banners 200 189 - 13.786 ms  
GET /api/products/6528013ad90c5abbaff606ca 200 1842 - 66.745 ms  
GET /api/products/6528013ad90c5abbaff606ca 200 1842 - 68.693 ms  
GET /api/categories/ 200 177200 - 116.789 ms  
GET /api/products 200 162013 - 166.092 ms  
GET /api/banners 200 189 - 24.176 ms  
GET /api/products/6528013ad90c5abbaff606ca 200 1842 - 46.509 ms  
GET /api/products/6528013ad90c5abbaff606ca 200 1842 - 50.919 ms  
GET /api/categories/ 200 177200 - 112.091 ms  
GET /api/products 200 162013 - 169.810 ms  
GET /api/banners 200 189 - 13.999 ms  
GET /api/products/6528013ad90c5abbaff606ca 200 1842 - 37.028 ms  
GET /api/products/6528013ad90c5abbaff606ca 200 1842 - 50.935 ms  
GET /api/categories/ 200 177200 - 97.618 ms  
GET /api/products 200 162013 - 137.905 ms  
GET /api/banners 200 189 - 14.437 ms  
GET /api/products/6528013ad90c5abbaff606ca 200 1842 - 39.909 ms  
GET /api/products/6528013ad90c5abbaff606ca 200 1842 - 54.287 ms  
GET /api/categories/ 200 177200 - 151.783 ms  
GET /api/products 200 162013 - 203.401 ms  
GET /api/banners 200 189 - 15.938 ms  
GET /api/products/6528013ad90c5abbaff606ca 200 1842 - 59.278 ms  
GET /api/products/6528013ad90c5abbaff606ca 200 1842 - 54.051 ms  
GET /api/categories/ 200 177200 - 97.241 ms  
GET /api/products 200 162013 - 223.506 ms  
GET /api/banners 200 189 - 12.968 ms  
GET /api/categories/ 200 177200 - 99.563 ms  
GET /api/cart 200 1187 - 63.907 ms  
GET /api/products 200 162013 - 143.302 ms  
GET /api/products/6528013ad90c5abbaff606ca 200 1842 - 110.028 ms  
GET /api/products/6528013ad90c5abbaff606ca 200 1842 - 89.519 ms  
GET /api/banners 200 189 - 12.918 ms  
GET /api/categories/ 200 177200 - 104.114 ms  
GET /api/cart 200 1187 - 74.098 ms  
GET /api/products 200 162013 - 215.244 ms  
GET /api/products/6528013ad90c5abbaff606ca 200 1842 - 109.593 ms  
GET /api/products/6528013ad90c5abbaff606ca 200 1842 - 108.830 ms  
GET /api/banners 200 189 - 13.587 ms  
GET /api/products/6528013ad90c5abbaff606ca 200 1842 - 91.497 ms  
GET /api/products/6528013ad90c5abbaff606ca 200 1842 - 91.581 ms  
GET /api/categories/ 200 177200 - 137.041 ms  
GET /api/products 200 162013 - 193.649 ms  
GET /api/banners 200 189 - 14.085 ms  
GET /api/products/6528013ad90c5abbaff606ca 200 1842 - 58.120 ms  
GET /api/products/6528013ad90c5abbaff606ca 200 1842 - 59.941 ms  
GET /api/categories/ 200 177200 - 112.058 ms  
GET /api/products 200 162013 - 151.689 ms  
GET /api/banners 200 189 - 31.373 ms  
GET /api/products/6528013ad90c5abbaff606ca 200 1842 - 58.039 ms  
GET /api/products/6528013ad90c5abbaff606ca 200 1842 - 132.709 ms  
GET /api/products 200 162013 - 185.798 ms  
GET /api/categories/ 200 177200 - 277.755 ms  
GET /api/banners/inactive 200 14 - 243.141 ms  
GET /api/banners 200 189 - 23.861 ms  
GET /api/banners/inactive 200 14 - 79.250 ms  
GET /api/cart 200 1187 - 95.701 ms  
GET /api/categories/ 200 177200 - 165.686 ms  
GET /api/products 200 162013 - 208.624 ms  
GET /api/products/6528013ad90c5abbaff606ca 200 1842 - 57.643 ms  
GET /api/banners 200 189 - 16.501 ms  
GET /api/banners/inactive 200 14 - 28.167 ms  
GET /api/products/6528013ad90c5abbaff606ca 200 1842 - 46.491 ms  
GET /api/categories/ 200 177200 - 97.033 ms  
GET /api/products 200 162013 - 142.400 ms  
GET /api/banners 200 189 - 15.059 ms  
GET /api/banners/inactive 200 14 - 39.292 ms  
GET /api/products/6528013ad90c5abbaff606ca 200 1842 - 62.617 ms  
GET /api/categories/ 200 177200 - 126.999 ms  
GET /api/products 200 162013 - 143.480 ms  
GET /api/banners 200 189 - 18.688 ms  
GET /api/banners/inactive 200 14 - 28.078 ms  
GET /api/products/6528013ad90c5abbaff606ca 200 1842 - 44.532 ms  
GET /api/categories/ 200 177200 - 95.256 ms  
GET /api/products 200 162013 - 125.489 ms  
GET /api/banners 200 189 - 31.649 ms  
GET /api/banners/inactive 200 14 - 29.917 ms  
GET /api/products/6528013ad90c5abbaff606ca 200 1842 - 46.053 ms  
GET /api/categories/ 200 177200 - 103.041 ms  
GET /api/products 200 162013 - 159.341 ms  
GET /api/banners 200 189 - 17.321 ms  
GET /api/banners/inactive 200 14 - 27.925 ms  
GET /api/products/6528013ad90c5abbaff606ca 200 1842 - 53.930 ms  
GET /api/categories/ 200 177200 - 106.874 ms  
GET /api/products 200 162013 - 145.914 ms  
GET /api/banners 200 189 - 48.864 ms  
GET /api/banners/inactive 200 14 - 42.987 ms  
GET /api/products/6528013ad90c5abbaff606ca 200 1842 - 81.611 ms  
GET /api/categories/ 200 177200 - 160.073 ms  
GET /api/products 200 162013 - 140.698 ms  
GET /api/banners 200 189 - 52.068 ms  
GET /api/banners/inactive 200 14 - 117.167 ms  
GET /api/products/6528013ad90c5abbaff606ca 200 1842 - 130.373 ms  
GET /api/categories/ 200 177200 - 192.464 ms  
GET /api/products 200 162013 - 216.112 ms  
GET /api/banners 200 189 - 14.062 ms  
GET /api/categories/ 200 177200 - 102.002 ms  
GET /api/banners/inactive 200 14 - 65.742 ms  
GET /api/cart 200 1187 - 83.594 ms  
GET /api/products 200 162013 - 136.553 ms  
GET /api/products/6528013ad90c5abbaff606ca 200 1842 - 100.742 ms  
GET /api/categories/ 304 - - 210.328 ms  
GET /api/products 304 - - 228.639 ms  
GET /api/banners 200 189 - 13.574 ms  
GET /api/banners/inactive 200 14 - 80.565 ms  
GET /api/products/6528013ad90c5abbaff606ca 200 1842 - 95.554 ms  
GET /api/categories/ 200 177200 - 159.654 ms  
GET /api/products 200 162013 - 195.160 ms  
GET /api/banners 200 189 - 44.856 ms  
GET /api/banners/inactive 200 14 - 62.297 ms  
GET /api/products/6528013ad90c5abbaff606ca 200 1842 - 73.379 ms  
GET /api/categories/ 200 177200 - 155.231 ms  
GET /api/products 200 162013 - 157.513 ms  
GET /api/banners 200 189 - 22.926 ms  
GET /api/banners/inactive 200 14 - 33.800 ms  
GET /api/products/6528013ad90c5abbaff606ca 200 1842 - 53.642 ms  
GET /api/categories/ 200 177200 - 106.679 ms  
GET /api/products 200 162013 - 143.494 ms  
GET /api/products 304 - - 158.911 ms  
GET /api/categories/ 304 - - 179.581 ms  
GET /api/banners 200 189 - 77.427 ms  
GET /api/banners/inactive 200 14 - 29.989 ms  
GET /api/categories/ 200 177200 - 174.559 ms  
GET /api/cart 200 1187 - 92.701 ms  
GET /api/products 200 162013 - 220.371 ms  
GET /api/products/6528013ad90c5abbaff606ca 200 1842 - 49.143 ms  
GET /api/banners 200 189 - 34.768 ms  
GET /api/banners/inactive 200 14 - 41.258 ms  
GET /api/products/6528013ad90c5abbaff606ca 200 1842 - 58.305 ms  
GET /api/categories/ 200 177200 - 115.031 ms  
GET /api/products 200 162013 - 140.752 ms  
GET /api/banners 200 189 - 18.537 ms  
GET /api/banners/inactive 200 14 - 33.186 ms  
GET /api/products/6528013ad90c5abbaff606ca 200 1842 - 51.638 ms  
GET /api/categories/ 200 177200 - 105.872 ms  
GET /api/products 200 162013 - 202.340 ms  
GET /api/banners 200 189 - 15.996 ms  
GET /api/categories/ 200 177200 - 99.330 ms  
GET /api/products 200 162013 - 156.844 ms  
GET /api/products/6528013ad90c5abbaff606ca 200 1842 - 66.995 ms  
GET /api/cart 200 1187 - 36.988 ms  
GET /api/categories/complete 200 180851 - 160.839 ms  
GET /api/products 200 162013 - 202.903 ms  
GET /api/cart 200 1187 - 50.043 ms  
GET /api/products 200 162013 - 181.155 ms  
GET /api/categories/complete 200 180851 - 199.818 ms  
GET /api/categories/unlisted 200 1519 - 26.038 ms  
GET /api/categories/unavailable 200 5545 - 26.024 ms  
GET /api/categories/uncategorized 200 1523 - 107.326 ms  
GET /api/categories/complete 200 180851 - 160.351 ms  
GET /api/products 200 162013 - 172.367 ms  
GET /api/categories/complete 200 180851 - 201.268 ms  
GET /api/products 200 162013 - 235.106 ms  
GET /api/categories/ids 200 10538 - 136.837 ms  
GET /api/products 200 162013 - 277.428 ms  
GET /api/categories/ids 200 10538 - 15.275 ms  
GET /api/categories/ids 200 10538 - 15.449 ms  
GET /api/categories/ids 200 10538 - 14.893 ms  
GET /api/products 200 162013 - 134.666 ms  
GET /api/categories/complete 200 180851 - 268.816 ms  
GET /api/categories/ids 200 10538 - 16.182 ms  
GET /api/products 200 162013 - 141.335 ms  
GET /api/categories/complete 200 180851 - 141.849 ms  
GET /api/products 200 162013 - 187.150 ms  
GET /api/products 200 162013 - 204.794 ms  
GET /api/categories/complete 200 180851 - 224.554 ms  
GET /api/categories/ 304 - - 115.677 ms  
GET /api/products 304 - - 133.130 ms  
GET /api/categories/ 304 - - 149.595 ms  
GET /api/products 304 - - 182.460 ms  
GET /api/products 200 162013 - 188.592 ms  
GET /api/categories/complete 200 180851 - 333.458 ms  
GET /api/products 200 162013 - 119.273 ms  
GET /api/categories/complete 200 180851 - 141.471 ms  
GET /api/categories/complete 200 180851 - 131.011 ms  
GET /api/categories/complete 200 180851 - 190.116 ms  
GET /api/categories/complete 200 180851 - 185.913 ms  
GET /api/categories/complete 200 180851 - 153.361 ms  
GET /api/categories/complete 200 180851 - 190.971 ms  
GET /api/products 200 162013 - 238.295 ms  
GET /api/categories/complete 200 180851 - 151.584 ms  
GET /api/categories/complete 200 180851 - 165.476 ms  
GET /api/categories/complete 200 180851 - 134.908 ms  
GET /api/categories/ids 200 10538 - 15.865 ms  
GET /api/products 200 162013 - 181.749 ms  
GET /api/categories/complete 200 180851 - 143.108 ms  
GET /api/categories/complete 200 180851 - 144.028 ms  
GET /api/categories/complete 200 180851 - 147.567 ms  
GET /api/categories/complete 200 180851 - 152.423 ms  
GET /api/categories/complete 200 180851 - 128.471 ms  
GET /api/products 200 162013 - 125.732 ms  
GET /api/categories/ids 200 10538 - 16.176 ms  
GET /api/products 200 162013 - 215.184 ms  
GET /api/categories/complete 200 180851 - 156.662 ms  
GET /api/products 200 162013 - 160.972 ms  
GET /api/categories/ids 200 10538 - 33.080 ms  
GET /api/products 200 162013 - 159.935 ms  
GET /api/cart 200 1187 - 43.667 ms  
GET /api/categories/complete 200 180851 - 148.103 ms  
GET /api/products 200 162013 - 172.665 ms  
GET /api/cart 200 1187 - 54.636 ms  
GET /api/products 200 162013 - 184.328 ms  
GET /api/categories/complete 200 180851 - 206.912 ms  
GET /api/cart 200 1187 - 45.246 ms  
GET /api/categories/complete 200 180851 - 176.626 ms  
GET /api/products 200 162013 - 194.190 ms  
GET /api/cart 200 1187 - 99.136 ms  
GET /api/categories/complete 200 180851 - 256.656 ms  
GET /api/products 200 162013 - 283.313 ms  
GET /api/categories/ids 200 10538 - 15.116 ms  
GET /api/products 200 162013 - 142.567 ms  
GET /api/categories/ids 200 10538 - 37.428 ms  
GET /api/categories/complete 200 180851 - 138.575 ms  
GET /api/products 200 162013 - 109.696 ms  
GET /api/categories/ids 200 10538 - 14.723 ms  
GET /api/products 200 162013 - 147.734 ms  
GET /api/categories/complete 200 180851 - 175.443 ms  
GET /api/products 200 162013 - 144.758 ms  
GET /api/categories/ids 200 10538 - 18.077 ms  
GET /api/products 200 162013 - 126.087 ms  
GET /api/categories/complete 200 180851 - 171.818 ms  
GET /api/products 200 162013 - 126.715 ms  
GET /api/categories/discount 200 2792 - 63.424 ms  
GET /api/banners 200 189 - 53.092 ms  
GET /api/categories/new 200 4589 - 74.915 ms  
GET /api/categories/all 200 74880 - 170.005 ms  
GET /api/categories/complete 200 180851 - 127.754 ms  
GET /api/products 200 162013 - 149.249 ms  
GET /api/categories/unlisted 200 1519 - 65.786 ms  
GET /api/categories/unavailable 200 5545 - 26.536 ms  
GET /api/categories/uncategorized 200 1523 - 106.124 ms  
GET /api/categories/ 200 177200 - 106.160 ms  
GET /api/products 200 162013 - 195.089 ms  
GET /api/products 200 162013 - 339.059 ms  
GET /api/categories/complete 200 180851 - 468.834 ms  
GET /api/categories/ids 200 10538 - 28.454 ms  
GET /api/products 200 162013 - 129.643 ms  
GET /api/categories/ids 200 10538 - 37.621 ms  
GET /api/categories/complete 200 180851 - 153.687 ms  
GET /api/products 200 162013 - 166.968 ms  
GET /api/categories/ids 200 10538 - 14.611 ms  
GET /api/products 200 162013 - 187.355 ms  
GET /api/categories/complete 200 180851 - 189.240 ms  
GET /api/products 200 162013 - 200.960 ms  
GET /api/categories/ids 200 10538 - 18.949 ms  
GET /api/products 200 162013 - 172.348 ms  
GET /api/cart 200 1187 - 116.836 ms  
GET /api/products 200 162013 - 294.034 ms  
GET /api/products 200 162013 - 286.836 ms  
GET /api/products 304 - - 210.777 ms  
GET /api/categories/complete 200 180851 - 516.771 ms  
GET /api/categories/ 304 - - 399.487 ms  
GET /api/categories/ids 200 10538 - 15.561 ms  
GET /api/products 200 162013 - 195.506 ms  
GET /api/cart 200 1187 - 67.536 ms  
GET /api/products 200 162013 - 184.977 ms  
GET /api/categories/complete 200 180851 - 208.930 ms  
GET /api/products 200 162013 - 240.865 ms  
GET /api/cart 200 1187 - 88.653 ms  
GET /api/products 200 162013 - 210.886 ms  
GET /api/categories/complete 200 180851 - 229.216 ms  
GET /api/products 200 162013 - 209.128 ms  
GET /api/categories/ids 200 10538 - 19.390 ms  
GET /api/products 200 162013 - 109.436 ms  
GET /api/cart 200 1187 - 97.049 ms  
GET /api/products 200 162013 - 205.832 ms  
GET /api/categories/complete 200 180851 - 247.613 ms  
GET /api/products 200 162013 - 144.101 ms  
GET /api/categories/ids 200 10538 - 34.538 ms  
GET /api/products 200 162013 - 180.767 ms  
GET /api/cart 200 1187 - 50.986 ms  
GET /api/products 200 162013 - 158.082 ms  
GET /api/categories/complete 200 180851 - 176.888 ms  
GET /api/products 200 162013 - 242.637 ms  
GET /api/cart 200 1187 - 44.223 ms  
GET /api/products 200 162013 - 125.799 ms  
GET /api/categories/complete 200 180851 - 144.644 ms  
GET /api/products 200 162013 - 179.928 ms  
GET /api/categories/ids 200 10538 - 15.217 ms  
GET /api/products 200 162013 - 180.717 ms  
GET /api/categories/complete 200 180851 - 155.929 ms  
GET /api/products 200 162013 - 110.139 ms  
GET /api/products 200 162013 - 136.479 ms  
GET /api/products 200 162013 - 123.679 ms  
GET /api/categories/complete 200 180851 - 139.956 ms  
GET /api/products 200 162013 - 150.773 ms  
GET /api/products 200 162013 - 153.927 ms  
GET /api/categories/complete 200 180851 - 171.818 ms  
GET /api/categories/ids 200 10538 - 19.403 ms  
GET /api/products 200 162013 - 110.113 ms  
GET /api/categories/complete 200 180851 - 118.063 ms  
GET /api/products 200 162013 - 143.931 ms  
GET /api/categories/ids 200 10538 - 15.118 ms  
GET /api/products 200 162013 - 148.152 ms  
GET /api/categories/complete 200 180851 - 125.061 ms  
GET /api/products 200 162013 - 132.753 ms  
GET /api/categories/ids 200 10538 - 15.571 ms  
GET /api/products 200 162013 - 143.937 ms  
GET /api/categories/complete 200 180851 - 125.600 ms  
GET /api/products 200 162013 - 107.409 ms  
GET /api/cart 200 1187 - 61.199 ms  
GET /api/cart 200 1187 - 68.181 ms  
GET /api/cart 200 1187 - 88.746 ms  
GET /api/products 200 162013 - 274.861 ms  
GET /api/products 200 162013 - 351.964 ms  
GET /api/products 304 - - 187.732 ms  
GET /api/categories/ 304 - - 224.918 ms  
GET /api/categories/complete 200 180851 - 572.556 ms  
GET /api/products 200 162013 - 142.895 ms  
GET /api/categories/complete 200 180851 - 163.322 ms  
GET /api/categories/complete 200 180851 - 238.707 ms  
GET /api/categories/maize 200 10650 - 32.703 ms  
GET /api/categories/maize 200 10650 - 29.827 ms  
GET /api/categories/maize 200 10650 - 65.295 ms  
GET /api/categories/maize 200 10650 - 33.481 ms  
GET /api/categories/maize 200 10650 - 32.267 ms  
GET /api/categories/maize 200 10650 - 35.005 ms  
GET /api/categories/maize 200 10650 - 30.607 ms  
GET /api/categories/maize 200 10650 - 36.390 ms  
GET /api/categories/maize 200 10650 - 34.091 ms  
GET /api/categories/maize 200 10650 - 32.810 ms  
GET /api/categories/maize 200 10650 - 35.963 ms  
GET /api/categories/maize 200 10650 - 41.269 ms  
GET /api/categories/maize 200 10650 - 31.306 ms  
GET /api/categories/maize 200 10650 - 36.158 ms  
GET /api/categories/maize 200 10650 - 27.981 ms  
GET /api/categories/maize 200 10650 - 62.463 ms  
GET /api/categories/maize 200 10650 - 52.224 ms  
GET /api/categories/maize 200 10650 - 40.223 ms  
GET /api/order 200 59579 - 107.396 ms  
GET /api/order 200 59579 - 113.135 ms  
GET /api/categories/maize 200 10650 - 32.650 ms  
GET /api/categories/maize 200 10650 - 66.725 ms  
GET /api/categories/maize 200 10650 - 43.344 ms  
GET /api/cart 200 1187 - 56.730 ms  
GET /api/categories/maize 200 10650 - 34.486 ms  
GET /api/categories/maize 200 10650 - 33.522 ms  
GET /api/categories/maize 200 10650 - 29.583 ms  
GET /api/categories/maize 200 10650 - 33.858 ms  
GET /api/categories/maize 200 10650 - 43.267 ms  
GET /api/cart 200 1187 - 69.028 ms  
GET /api/categories/maize 200 10650 - 51.625 ms  
GET /api/categories/maize 200 10650 - 70.204 ms  
GET /api/products 304 - - 108.916 ms  
GET /api/categories/ 304 - - 133.169 ms  
GET /api/cart 200 1187 - 41.629 ms  
GET /api/categories/maize 200 10650 - 30.200 ms  
GET /api/categories/maize 200 10650 - 27.902 ms  
GET /api/categories/maize 200 10650 - 31.698 ms  
GET /api/cart 200 1187 - 44.136 ms  
GET /api/categories/maize 200 10650 - 29.164 ms  
GET /api/categories/maize 200 10650 - 31.005 ms  
GET /api/categories/maize 200 10650 - 31.244 ms  
GET /api/categories/maize 200 10650 - 74.566 ms  
GET /api/categories/maize 200 10650 - 74.054 ms  
GET /api/categories/maize 200 10650 - 36.861 ms  
GET /api/categories/all 200 74880 - 117.667 ms  
GET /api/categories/maize 200 10650 - 52.705 ms  
GET /api/categories/maize 200 10650 - 56.779 ms  
GET /api/categories/maize 200 10650 - 29.961 ms  
GET /api/categories/maize 200 10650 - 30.020 ms  
GET /api/categories/maize 200 10650 - 29.217 ms  
GET /api/categories/maize 200 10650 - 29.279 ms  
GET /api/cart 200 1187 - 43.966 ms  
GET /api/categories/maize 200 10650 - 36.413 ms  
GET /api/categories/maize 200 10650 - 71.983 ms  
GET /api/categories/maize 200 10650 - 29.849 ms  
GET /api/categories/maize 200 10650 - 35.466 ms  
GET /api/categories/maize 200 10650 - 39.329 ms  
GET /api/categories/maize 200 10650 - 54.797 ms  
GET /api/categories/maize 200 10650 - 42.279 ms  
GET /api/categories/maize 200 10650 - 28.832 ms  
GET /api/categories/maize 200 10650 - 34.194 ms  
GET /api/categories/maize 200 10650 - 33.591 ms  
GET /api/categories/maize 200 10650 - 59.314 ms  
GET /api/categories/maize 200 10650 - 44.447 ms  
GET /api/categories/maize 200 10650 - 39.087 ms  
GET /api/categories/maize 200 10650 - 29.676 ms  
GET /api/categories/maize 200 10650 - 39.128 ms  
GET /api/categories/maize 200 10650 - 36.274 ms  
GET /api/categories/maize 200 10650 - 37.024 ms  
GET /api/categories/maize 200 10650 - 28.967 ms  
GET /api/categories/maize 200 10650 - 27.402 ms  
GET /api/categories/maize 200 10650 - 47.676 ms  
GET /api/categories/maize 200 10650 - 30.570 ms  
GET /api/categories/maize 200 10650 - 44.600 ms  
GET /api/categories/maize 200 10650 - 59.033 ms  
