GET /api/categories/maize 200 10650 - 32.151 ms  
GET /api/categories/maize 200 10650 - 28.928 ms  
GET /api/categories/maize 200 10650 - 47.877 ms  
GET /api/categories/maize 200 10650 - 69.211 ms  
GET /api/categories/maize 200 10650 - 61.940 ms  
GET /api/categories/maize 200 10650 - 72.368 ms  
GET /api/categories/maize 200 10650 - 33.763 ms  
GET /api/categories/maize 200 10650 - 42.717 ms  
GET /api/categories/maize 200 10650 - 32.480 ms  
GET /api/categories/maize 200 10650 - 36.201 ms  
GET /api/categories/all 200 74880 - 87.445 ms  
GET /api/categories/maize 200 10650 - 30.552 ms  
GET /api/categories/maize 200 10650 - 28.985 ms  
GET /api/categories/maize 200 10650 - 43.718 ms  
GET /api/categories/maize 200 10650 - 36.533 ms  
GET /api/categories/maize 200 10650 - 48.221 ms  
GET /api/categories/maize 200 10650 - 30.193 ms  
GET /api/categories/maize 200 10650 - 32.012 ms  
GET /api/categories/maize 200 10650 - 30.704 ms  
GET /api/products 200 162013 - 152.788 ms  
GET /api/categories/complete 200 180851 - 176.780 ms  
GET /api/categories/ids 200 10538 - 52.939 ms  
GET /api/products 304 - - 148.790 ms  
GET /api/categories/ids 304 - - 16.682 ms  
GET /api/categories/complete 304 - - 136.053 ms  
GET /api/products 304 - - 169.065 ms  
GET /api/categories/ids 304 - - 21.438 ms  
GET /api/products 304 - - 121.865 ms  
GET /api/categories/complete 304 - - 161.633 ms  
GET /api/products 304 - - 135.670 ms  
GET /api/categories/ids 304 - - 14.634 ms  
GET /api/products 304 - - 113.269 ms  
GET /api/categories/complete 304 - - 180.983 ms  
GET /api/products 304 - - 117.814 ms  
GET /api/categories/ids 304 - - 25.642 ms  
GET /api/products 304 - - 197.235 ms  
GET /api/categories/complete 304 - - 144.920 ms  
GET /api/products 304 - - 98.374 ms  
GET /api/products 304 - - 135.249 ms  
GET /api/categories/complete 304 - - 154.930 ms  
GET /api/products 304 - - 176.107 ms  
GET /api/categories/complete 200 180851 - 305.710 ms  
GET /api/categories/complete 304 - - 388.773 ms  
GET /api/categories/rudzuMaizes 200 5773 - 26.863 ms  
GET /api/categories/rudzuMaizes 304 - - 25.957 ms  
GET /api/products 304 - - 140.224 ms  
GET /api/categories/complete 304 - - 167.322 ms  
GET /api/categories/rudzuMaizes 304 - - 28.007 ms  
GET /api/categories/rudzuMaizes 304 - - 28.864 ms  
GET /api/categories/rudzuMaizes 304 - - 44.122 ms  
GET /api/categories/rudzuMaizes 304 - - 31.836 ms  
GET /api/categories/rudzuMaizes 304 - - 25.335 ms  
GET /api/categories/rudzuMaizes 304 - - 26.174 ms  
GET /api/categories/rudzuMaizes 304 - - 28.511 ms  
GET /api/categories/rudzuMaizes 304 - - 25.699 ms  
GET /api/categories/rudzuMaizes 304 - - 27.542 ms  
GET /api/categories/rudzuMaizes 304 - - 26.548 ms  
GET /api/categories/rudzuMaizes 304 - - 41.707 ms  
GET /api/categories/rudzuMaizes 304 - - 27.808 ms  
GET /api/categories/rudzuMaizes 304 - - 26.529 ms  
GET /api/categories/rudzuMaizes 304 - - 28.558 ms  
GET /api/categories/rudzuMaizes 304 - - 26.597 ms  
GET /api/categories/rudzuMaizes 304 - - 61.088 ms  
GET /api/categories/rudzuMaizes 304 - - 64.578 ms  
GET /api/categories/rudzuMaizes 304 - - 37.689 ms  
GET /api/categories/rudzuMaizes 304 - - 68.890 ms  
GET /api/categories/rudzuMaizes 304 - - 27.313 ms  
GET /api/categories/rudzuMaizes 200 5773 - 28.957 ms  
GET /api/categories/rudzuMaizes 304 - - 27.369 ms  
GET /api/categories/rudzuMaizes 304 - - 31.502 ms  
GET /api/categories/rudzuMaizes 304 - - 73.971 ms  
GET /api/categories/rudzuMaizes 304 - - 38.844 ms  
GET /api/categories/rudzuMaizes 304 - - 27.515 ms  
GET /api/categories/rudzuMaizes 304 - - 59.907 ms  
GET /api/categories/rudzuMaizes 304 - - 30.161 ms  
GET /api/categories/rudzuMaizes 200 5773 - 28.428 ms  
GET /api/categories/rudzuMaizes 304 - - 28.862 ms  
GET /api/categories/rudzuMaizes 304 - - 62.132 ms  
GET /api/categories/rudzuMaizes 200 5773 - 34.790 ms  
GET /api/categories/rudzuMaizes 304 - - 26.177 ms  
GET /api/categories/rudzuMaizes 304 - - 25.211 ms  
GET /api/categories/rudzuMaizes 304 - - 33.904 ms  
GET /api/categories/rudzuMaizes 304 - - 68.936 ms  
GET /api/categories/rudzuMaizes 304 - - 29.474 ms  
GET /api/categories/rudzuMaizes 304 - - 27.244 ms  
GET /api/categories/rudzuMaizes 304 - - 25.694 ms  
GET /api/categories/rudzuMaizes 200 5773 - 26.422 ms  
GET /api/categories/rudzuMaizes 304 - - 41.358 ms  
GET /api/categories/rudzuMaizes 200 5773 - 25.614 ms  
GET /api/categories/rudzuMaizes 304 - - 30.038 ms  
GET /api/categories/rudzuMaizes 200 5773 - 29.754 ms  
GET /api/categories/rudzuMaizes 200 5773 - 29.948 ms  
GET /api/categories/rudzuMaizes 304 - - 27.644 ms  
GET /api/categories/rudzuMaizes 200 5773 - 26.510 ms  
GET /api/categories/rudzuMaizes 304 - - 59.378 ms  
GET /api/categories/complete 304 - - 181.741 ms  
GET /api/products 304 - - 201.383 ms  
GET /api/products 304 - - 157.188 ms  
PUT /api/products/65281037d90c5abbaff607c9 200 486 - 189.492 ms  
GET /api/products 304 - - 161.930 ms  
GET /api/categories/complete 304 - - 189.566 ms  
GET /api/categories/maize 304 - - 30.845 ms  
PUT /api/categories/maize 404 30 - 37.583 ms  
GET /api/cart 200 1187 - 41.451 ms  
GET /api/categories/maize 200 10650 - 59.117 ms  
PUT /api/categories/maize 404 30 - 24.215 ms  
GET /api/categories/maize 200 10650 - 85.565 ms  
GET /api/cart 200 1187 - 87.786 ms  
PUT /api/categories/maize 200 641 - 94.081 ms  
GET /api/categories/maize 200 10651 - 39.323 ms  
GET /api/cart 200 1187 - 52.261 ms  
GET /api/categories/maize 200 10651 - 67.213 ms  
GET /api/cart 200 1187 - 82.070 ms  
GET /api/cart 200 1187 - 44.533 ms  
GET /api/categories/maize 200 10651 - 40.630 ms  
GET /api/products 200 162013 - 163.004 ms  
GET /api/categories/complete 200 180852 - 208.872 ms  
GET /api/products 200 162013 - 126.953 ms  
GET /api/products 200 162013 - 153.935 ms  
GET /api/products 200 162013 - 157.026 ms  
GET /api/categories/all 200 74881 - 98.775 ms  
GET /api/products 200 162013 - 158.735 ms  
GET /api/categories/complete 200 180852 - 175.685 ms  
GET /api/products 200 162013 - 199.045 ms  
GET /api/categories/complete 200 180852 - 224.423 ms  
GET /api/categories/unlisted 200 1535 - 46.718 ms  
POST /api/uploads/image 201 33 - 21.051 ms {}
POST /api/categories 201 140 - 38.878 ms {"newCategory":{"displayName":{"lv":"Test","en":"","de":""},"id":"testing","image":"1800x690_3-324x324.jpg"}}
GET /api/products 200 162013 - 162.377 ms  
GET /api/categories/complete 200 180852 - 186.796 ms  
GET /api/categories/unlisted 200 1675 - 55.240 ms  
GET /api/categories/unlisted 200 1675 - 87.854 ms  
GET /api/categories/ids 200 10680 - 24.457 ms  
GET /api/products 200 162013 - 154.508 ms  
PUT /api/categories/products 200 166 - 45.387 ms  
GET /api/categories/unlisted 200 1701 - 39.273 ms  
GET /api/products 200 162013 - 130.800 ms  
GET /api/cart 200 1187 - 72.348 ms  
GET /api/categories/unlisted 200 2155 - 77.452 ms  
GET /api/products 200 162013 - 215.914 ms  
GET /api/products 200 162013 - 200.682 ms  
GET /api/categories/ 200 177823 - 175.187 ms  
GET /api/products 200 162013 - 225.346 ms  
GET /api/categories/unlisted 200 2155 - 70.251 ms  
GET /api/products 200 162013 - 140.842 ms  
GET /api/categories/testing 200 620 - 38.173 ms  
GET /api/categories/unlisted 200 2155 - 94.053 ms  
GET /api/products 200 162013 - 185.252 ms  
GET /api/categories/testing 200 620 - 112.197 ms  
GET /api/categories/unlisted 200 2155 - 77.535 ms  
GET /api/products 200 162013 - 170.154 ms  
GET /api/categories/testing 200 620 - 41.256 ms  
GET /api/categories/all 200 74881 - 116.540 ms  
GET /api/products 304 - - 201.241 ms  
GET /api/categories/ 200 177823 - 220.635 ms  
GET /api/categories/testing 404 - - 24.119 ms  
GET /api/products 304 - - 100.245 ms  
GET /api/categories/ 304 - - 116.547 ms  
GET /api/categories/ 304 - - 95.512 ms  
GET /api/products 304 - - 125.139 ms  
GET /api/cart 200 1187 - 89.848 ms  
GET /api/categories/testing 200 620 - 101.005 ms  
GET /api/categories/ 200 177202 - 126.124 ms  
GET /api/products 200 162013 - 183.885 ms  
GET /api/products 200 162013 - 186.282 ms  
GET /api/categories/ 200 177823 - 208.569 ms  
GET /api/products 304 - - 139.970 ms  
GET /api/categories/ 200 177202 - 167.735 ms  
GET /api/categories/ 304 - - 103.844 ms  
GET /api/products 304 - - 131.071 ms  
GET /api/products 200 162013 - 136.242 ms  
GET /api/categories/complete 200 180852 - 150.005 ms  
GET /api/categories/unlisted 200 2155 - 71.590 ms  
PUT /api/products/show/6527eff742ae6b13dc7a883b 201 450 - 61.689 ms  
GET /api/categories/unlisted 200 1705 - 50.368 ms  
GET /api/categories/uncategorized 200 1523 - 132.985 ms  
GET /api/cart 200 1187 - 64.634 ms  
GET /api/products 200 162014 - 182.214 ms  
GET /api/categories/uncategorized 500 629 - 201.113 ms  
GET /api/products 200 162014 - 214.666 ms  
GET /api/categories/unlisted 200 1705 - 54.003 ms  
GET /api/products 200 162014 - 175.981 ms  
GET /api/cart 200 1187 - 120.808 ms  
GET /api/products 200 162014 - 176.368 ms  
GET /api/categories/unlisted 200 1705 - 167.556 ms  
GET /api/categories/complete 200 180854 - 181.642 ms  
GET /api/categories/uncategorized 200 4873 - 185.544 ms  
GET /api/cart 200 1187 - 54.477 ms  
GET /api/products 200 162014 - 195.829 ms  
GET /api/categories/uncategorized 500 368 - 199.342 ms  
GET /api/products 200 162014 - 254.228 ms  
GET /api/cart 200 1187 - 61.987 ms  
GET /api/products 200 162014 - 188.713 ms  
GET /api/products 200 162014 - 200.419 ms  
GET /api/categories/uncategorized 500 356 - 209.203 ms  
GET /api/cart 200 1187 - 53.516 ms  
GET /api/products 200 162014 - 170.694 ms  
GET /api/products 200 162014 - 207.094 ms  
GET /api/categories/uncategorized 200 355057 - 390.333 ms  
GET /api/cart 200 1187 - 60.023 ms  
GET /api/products 200 162014 - 223.184 ms  
GET /api/products 200 162014 - 221.148 ms  
GET /api/categories/uncategorized 200 183014 - 365.034 ms  
GET /api/cart 200 1187 - 52.692 ms  
GET /api/products 200 162014 - 201.851 ms  
GET /api/products 200 162014 - 250.119 ms  
GET /api/categories/uncategorized 200 2159 - 342.387 ms  
GET /api/products 200 162014 - 191.824 ms  
GET /api/categories/uncategorized 200 2159 - 371.909 ms  
GET /api/products 200 160959 - 102.445 ms  
GET /api/categories/ 200 178104 - 124.807 ms  
GET /api/products 200 162014 - 132.659 ms  
GET /api/products 304 - - 132.358 ms  
GET /api/categories/ 304 - - 152.486 ms  
GET /api/categories/uncategorized 200 2159 - 225.864 ms  
GET /api/categories/uncategorized 200 2159 - 200.488 ms  
GET /api/categories/uncategorized 200 2159 - 227.302 ms  
PUT /api/categories/show/testing 201 167 - 60.339 ms  
GET /api/categories/uncategorized 200 2160 - 272.530 ms  
PUT /api/categories/hide/testing 201 166 - 84.127 ms  
GET /api/categories/uncategorized 200 2159 - 181.540 ms  
GET /api/categories/all 200 72791 - 167.186 ms  
GET /api/cart 200 1187 - 60.966 ms  
GET /api/categories/all 200 109237 - 152.531 ms  
GET /api/products/65281037d90c5abbaff607c9 200 486 - 53.308 ms  
GET /api/categories/all 200 75332 - 146.358 ms  
GET /api/categories/rudzuMaizes 200 5773 - 50.515 ms  
GET /api/categories/all 200 75332 - 172.477 ms  
GET /api/categories/discount 200 2792 - 14.509 ms  
GET /api/banners 200 189 - 17.868 ms  
GET /api/categories/new 200 4589 - 27.518 ms  
GET /api/categories/all 200 75332 - 143.524 ms  
GET /api/products 200 162014 - 214.690 ms  
GET /api/categories/complete 200 180854 - 229.266 ms  
GET /api/products 200 162014 - 148.767 ms  
GET /api/categories/ 200 178725 - 164.395 ms  
GET /api/products 200 162014 - 173.055 ms  
GET /api/categories/complete 200 180854 - 193.270 ms  
PUT /api/categories/hide/all 201 3184 - 70.343 ms  
GET /api/categories/complete 200 180871 - 145.710 ms  
GET /api/categories/discount 200 2792 - 18.996 ms  
GET /api/categories/new 200 4589 - 29.868 ms  
GET /api/banners 200 189 - 18.221 ms  
GET /api/categories/all 404 - - 94.553 ms  
GET /api/categories/complete 200 180871 - 171.649 ms  
GET /api/products 200 162014 - 195.115 ms  
PUT /api/categories/show/all 201 3185 - 56.782 ms  
GET /api/categories/complete 200 180872 - 181.793 ms  
GET /api/categories/complete 200 180872 - 178.832 ms  
GET /api/categories/discount 200 2792 - 18.749 ms  
GET /api/categories/new 200 4589 - 35.326 ms  
GET /api/banners 200 189 - 21.207 ms  
GET /api/categories/all 200 75350 - 89.570 ms  
GET /api/categories/all 200 75350 - 122.607 ms  
GET /api/categories/discount 200 2792 - 47.702 ms  
GET /api/banners 200 189 - 49.470 ms  
GET /api/categories/new 200 4589 - 53.220 ms  
GET /api/categories/all 200 75350 - 140.520 ms  
GET /api/products 200 162014 - 195.826 ms  
GET /api/categories/complete 200 180872 - 218.361 ms  
POST /api/uploads/image 201 39 - 19.335 ms {}
POST /api/categories 201 162 - 61.244 ms {"newCategory":{"displayName":{"lv":"Mājaslapa","en":"Home","de":"Hausseite"},"id":"home","image":"afoto_Markovskis-180x142.jpg"}}
GET /api/products 200 162014 - 196.956 ms  
GET /api/categories/complete 200 180872 - 207.294 ms  
POST /api/uploads/image 201 46 - 24.425 ms {}
POST /api/categories 201 161 - 39.247 ms {"newCategory":{"displayName":{"lv":"teststetstse","en":"","de":""},"id":"testset","image":"afoto_Markovskis-e1581943286233.jpg"}}
POST /api/categories 400 35 - 19.978 ms {"newCategory":{"displayName":{"lv":"","en":"","de":""},"id":"","image":"placeholder.jpeg"}}
GET /api/cart 200 1187 - 40.292 ms  
POST /api/uploads/image 201 46 - 14.943 ms {}
POST /api/categories 201 152 - 41.061 ms {"newCategory":{"displayName":{"lv":"testste","en":"","de":""},"id":"tes","image":"afoto_Markovskis-e1581943286233.jpg"}}
GET /api/products 304 - - 160.425 ms  
GET /api/categories/ 200 178122 - 186.769 ms  
POST /api/categories 400 35 - 33.851 ms {"newCategory":{"displayName":{"lv":"","en":"","de":""},"id":"","image":"placeholder.jpeg"}}
GET /api/products 304 - - 141.068 ms  
GET /api/categories/ 304 - - 179.911 ms  
GET /api/products 200 162014 - 164.617 ms  
GET /api/categories/complete 200 180872 - 215.536 ms  
GET /api/categories/unlisted 200 2183 - 51.340 ms  
GET /api/categories/tes 200 152 - 27.569 ms  
PUT /api/categories/tes 200 157 - 41.497 ms  
GET /api/categories/unlisted 200 2188 - 56.966 ms  
GET /api/products 200 162014 - 115.153 ms  
GET /api/categories/uncategorized 200 2642 - 217.442 ms  
GET /api/categories/unlisted 200 2188 - 53.933 ms  
GET /api/categories/unavailable 200 5545 - 30.711 ms  
GET /api/categories/unlisted 200 2188 - 94.640 ms  
GET /api/categories/ 200 179226 - 176.146 ms  
GET /api/products 200 162014 - 195.515 ms  
PUT /api/categories/products 200 162 - 69.837 ms  
PUT /api/categories 200 174 - 75.385 ms  
GET /api/categories/discount 200 2792 - 15.839 ms  
GET /api/banners 200 189 - 18.264 ms  
GET /api/categories/new 200 4589 - 30.258 ms  
GET /api/categories/all 200 75350 - 127.982 ms  
GET /api/categories/discount 200 2792 - 15.333 ms  
GET /api/banners 200 189 - 14.843 ms  
GET /api/categories/home 200 2881 - 72.260 ms  
GET /api/categories/all 200 75350 - 123.602 ms  
GET /api/cart 200 1187 - 82.432 ms  
GET /api/categories/discount 200 2792 - 26.816 ms  
GET /api/banners 200 189 - 27.261 ms  
GET /api/categories/home 200 2881 - 66.974 ms  
GET /api/cart 200 1187 - 68.107 ms  
GET /api/categories/all 200 75350 - 148.224 ms  
GET /api/categories/all 200 75350 - 120.920 ms  
GET /api/products 200 162014 - 161.468 ms  
GET /api/categories/complete 200 180872 - 303.958 ms  
GET /api/products 200 162014 - 124.176 ms  
GET /api/categories/ 200 103712 - 139.710 ms  
GET /api/products 200 162014 - 184.494 ms  
GET /api/categories/complete 200 180872 - 219.966 ms  
GET /api/products 200 162014 - 153.143 ms  
GET /api/categories/ 200 103712 - 171.304 ms  
GET /api/banners 200 189 - 16.174 ms  
GET /api/categories/discount 200 2792 - 17.618 ms  
GET /api/categories/home 200 2881 - 58.983 ms  
GET /api/categories/all 200 75350 - 140.490 ms  
GET /api/categories/all 304 - - 105.447 ms  
GET /api/categories/ 200 103712 - 127.925 ms  
GET /api/products 200 162014 - 147.062 ms  
GET /api/cart 200 1187 - 46.614 ms  
GET /api/cart 200 1187 - 45.021 ms  
GET /api/cart 200 1187 - 39.759 ms  
POST /api/cart 201 706 - 85.248 ms {"productId":"6527ed7f42ae6b13dc7a8777","quantity":1}
POST /api/cart 201 706 - 67.908 ms {"productId":"6527ed7f42ae6b13dc7a8777","quantity":1}
POST /api/cart 201 706 - 94.655 ms {"productId":"6527ed7f42ae6b13dc7a8777","quantity":1}
POST /api/cart 201 706 - 95.885 ms {"productId":"6527ed7f42ae6b13dc7a8777","quantity":1}
POST /api/cart 201 706 - 66.745 ms {"productId":"6527ed7f42ae6b13dc7a8777","quantity":1}
POST /api/cart 201 706 - 67.176 ms {"productId":"6527ed7f42ae6b13dc7a8777","quantity":1}
POST /api/cart 201 706 - 82.602 ms {"productId":"6527ed7f42ae6b13dc7a8777","quantity":1}
GET /api/dpd/pickup_points 200 66322 - 477.427 ms  
GET /api/cart 200 1187 - 54.962 ms  
GET /api/order/all 200 206454 - 193.127 ms  
GET /api/order/6563596fbfb2ec5a714a38aa 200 1755 - 46.290 ms  
GET /api/order/6563596fbfb2ec5a714a38aa 200 1755 - 53.054 ms  
GET /api/order/6563596fbfb2ec5a714a38aa 200 1755 - 41.193 ms  
GET /api/order/6563596fbfb2ec5a714a38aa 200 1755 - 104.190 ms  
PUT /api/order/ready_for_delivery 500 371 - 59.539 ms  
PUT /api/order/ready_for_delivery 500 371 - 57.594 ms {"id":"6563596fbfb2ec5a714a38aa"}
GET /api/order/6563596fbfb2ec5a714a38aa 200 1755 - 48.695 ms  
PUT /api/order/ready_for_delivery 200 1755 - 439.784 ms {"id":"6563596fbfb2ec5a714a38aa","deliveryData":{"name":"Es tU","email":"kifod16111@dpsols.com","phone":"+37112345678","street":"","streetNo":"","flatNo":"","city":"","postalCode":"","contactInfo":"","parcels":[{"weight":"0.6"}]}}
PUT /api/order/ready_for_delivery 200 1755 - 547.989 ms {"id":"6563596fbfb2ec5a714a38aa","deliveryData":{"name":"Es tU","email":"kifod16111@dpsols.com","phone":"+37112345678","street":"","streetNo":"","flatNo":"","city":"","postalCode":"","contactInfo":"","parcels":[{"weight":"0.6"}]}}
PUT /api/order/ready_for_delivery 200 1755 - 630.931 ms {"id":"6563596fbfb2ec5a714a38aa","deliveryData":{"name":"Es tU","email":"kifod16111@dpsols.com","phone":"+37112345678","street":"","streetNo":"","flatNo":"","city":"","postalCode":"","contactInfo":"","parcels":[{"weight":"0.6"}]}}
PUT /api/order/ready_for_delivery 200 1755 - 503.655 ms {"id":"6563596fbfb2ec5a714a38aa","deliveryData":{"name":"Es tU","email":"kifod16111@dpsols.com","phone":"+37112345678","street":"","streetNo":"","flatNo":"","city":"","postalCode":"","contactInfo":"","parcels":[{"weight":"0.6"}]}}
GET /api/dpd/pickup_points 200 67493 - 311.622 ms  
PUT /api/cart 201 86 - 57.863 ms {"pickupPointData":{"id":"LV90007","phone":"+37127869954","name":"es","surname":"tu"}}
PUT /api/cart 201 90 - 42.689 ms {"pickupPointData":{"id":"LV90007","phone":"+37127869954","name":"Jānis","surname":"tu"}}
PUT /api/cart 201 100 - 56.305 ms {"pickupPointData":{"id":"LV90007","phone":"+37127869954","name":"Jānis","surname":"Paraudziņš"}}
GET /api/order/all 200 208081 - 212.338 ms  
GET /api/order/6563d60a01e45262058c60b9 200 3085 - 97.925 ms  
PUT /api/order/ready_for_delivery 200 3085 - 392.682 ms {"id":"6563d60a01e45262058c60b9","deliveryData":{"name":"Jānis Paraudziņš","email":"edzhuks@gmail.com","phone":"+37127869954","street":"","streetNo":"","flatNo":"","city":"","postalCode":"","contactInfo":"","parcels":[{"weight":"2.4"}]}}
POST /api/cart/pay/ 400 38 - 452.135 ms {"selectedLang":"lv"}
PUT /api/order/ready_for_delivery 200 3085 - 694.665 ms {"id":"6563d60a01e45262058c60b9","deliveryData":{"name":"Jānis Paraudziņš","email":"edzhuks@gmail.com","phone":"+37127869954","street":"","streetNo":"","flatNo":"","city":"","postalCode":"","contactInfo":"","parcels":[{"weight":"2.4"}]}}
PUT /api/order/ready_for_delivery 200 3085 - 538.997 ms {"id":"6563d60a01e45262058c60b9","deliveryData":{"name":"Jānis Paraudziņš","email":"edzhuks@gmail.com","phone":"+37127869954","street":"","streetNo":"","flatNo":"","city":"","postalCode":"","contactInfo":"","parcels":[{"weight":"2.4"}]}}
GET /api/categories/complete 304 - - 200.287 ms  
GET /api/products 304 - - 222.270 ms  
GET /api/categories/ 304 - - 143.505 ms  
GET /api/products 304 - - 171.288 ms  
GET /api/categories/discount 200 2792 - 32.614 ms  
GET /api/banners 304 - - 32.815 ms  
GET /api/categories/home 304 - - 96.007 ms  
GET /api/categories/all 200 75350 - 172.403 ms  
GET /api/products 304 - - 209.940 ms  
GET /api/categories/complete 304 - - 248.730 ms  
GET /api/products 304 - - 173.755 ms  
GET /api/categories/ 200 179489 - 182.636 ms  
GET /api/categories/discount 304 - - 15.896 ms  
GET /api/banners 304 - - 17.218 ms  
GET /api/categories/home 304 - - 48.927 ms  
GET /api/categories/all 304 - - 93.326 ms  
GET /api/categories/discount 304 - - 43.614 ms  
GET /api/banners 304 - - 35.966 ms  
GET /api/cart 200 483 - 55.083 ms  
GET /api/categories/home 304 - - 77.456 ms  
GET /api/categories/all 304 - - 226.856 ms  
GET /api/cart 304 - - 53.197 ms  
GET /api/order/all 304 - - 262.316 ms  
GET /api/order/6563d60a01e45262058c60b9 304 - - 98.039 ms  
GET /api/order/656292438553e7d961ebcc4d 304 - - 65.047 ms  
GET /api/order/656292438553e7d961ebcc4d 304 - - 41.219 ms  
PUT /api/order/ready_for_pickup 200 3546 - 102.599 ms {"id":"656292438553e7d961ebcc4d"}
GET /api/order/656292438553e7d961ebcc4d 200 3546 - 114.869 ms  
GET /api/order/656292438553e7d961ebcc4d 304 - - 68.756 ms  
GET /api/order/6563d60a01e45262058c60b9 304 - - 63.115 ms  
PUT /api/order/ready_for_delivery 500 372 - 816.821 ms {"id":"6563d60a01e45262058c60b9","deliveryData":{"name":"Jānis Paraudziņš","email":"edzhuks@gmail.com","phone":"+37127869954","street":"","streetNo":"","flatNo":"","city":"","postalCode":"","contactInfo":"","parcels":[{"weight":"2.4"}]}}
PUT /api/order/ready_for_delivery 500 372 - 747.403 ms {"id":"6563d60a01e45262058c60b9","deliveryData":{"name":"Jānis Paraudziņš","email":"edzhuks@gmail.com","phone":"+37127869954","street":"","streetNo":"","flatNo":"","city":"","postalCode":"","contactInfo":"","parcels":[{"weight":"2.4"}]}}
PUT /api/order/ready_for_delivery 200 3394 - 620.221 ms {"id":"6563d60a01e45262058c60b9","deliveryData":{"name":"Jānis Paraudziņš","email":"edzhuks@gmail.com","phone":"+37127869954","street":"","streetNo":"","flatNo":"","city":"","postalCode":"","contactInfo":"","parcels":[{"weight":"2.4"}]}}
GET /api/cart 304 - - 113.068 ms  
GET /api/order/6563d60a01e45262058c60b9 200 3394 - 135.517 ms  
GET /api/order/all 200 208497 - 332.184 ms  
GET /api/categories/all 304 - - 247.239 ms  
POST /api/cart 201 706 - 135.339 ms {"quantity":1,"productId":"6527ed7f42ae6b13dc7a8777"}
GET /api/dpd/pickup_points 200 67493 - 981.591 ms  
PUT /api/cart 201 29 - 76.574 ms {"deliveryMethod":"courrier"}
GET /api/order/all 200 210119 - 287.419 ms  
GET /api/order/6563ef81af2e295f7eaeafe1 200 3080 - 116.858 ms  
PUT /api/order/ready_for_delivery 400 165 - 696.902 ms {"id":"6563ef81af2e295f7eaeafe1","deliveryData":{"name":"Jānis Paraudziņš","email":"edzhuks@gmail.com","phone":"+37127869954","street":"Liepājas iela","streetNo":"18","flatNo":"2","city":"Ventspils","postalCode":"2304","contactInfo":"","parcels":[{"weight":"0.3"}]}}
PUT /api/order/ready_for_delivery 200 3191 - 623.884 ms {"id":"6563ef81af2e295f7eaeafe1","deliveryData":{"name":"Jānis Paraudziņš","email":"edzhuks@gmail.com","phone":"+37127869954","street":"Liepājas iela","streetNo":"18","flatNo":"2","city":"Ventspils","postalCode":"2144","contactInfo":"","parcels":[{"weight":"0.3"}]}}
GET /api/order/6563ef81af2e295f7eaeafe1 200 3191 - 71.468 ms  
GET /api/order/6563ef81af2e295f7eaeafe1 304 - - 75.817 ms  
POST /api/cart/pay/ - - - - ms {"selectedLang":"lv"}
GET /api/cart 200 483 - 30.533 ms  
GET /api/order/6563ef81af2e295f7eaeafe1 304 - - 59.520 ms  
GET /api/order/all 200 210230 - 202.875 ms  
GET /api/cart 200 483 - 30.574 ms  
GET /api/order/6563ef81af2e295f7eaeafe1 200 3191 - 48.462 ms  
GET /api/order/all 200 210230 - 206.758 ms  
GET /api/order/6563d60a01e45262058c60b9 200 3394 - 61.688 ms  
GET /api/order/6563596fbfb2ec5a714a38aa 200 1755 - 101.553 ms  
GET /api/categories/discount 200 2792 - 42.766 ms  
GET /api/banners 200 189 - 36.098 ms  
GET /api/categories/all 200 75350 - 198.490 ms  
GET /api/categories/home 200 2881 - 161.916 ms  
POST /api/cart 201 1094 - 120.765 ms {"quantity":1,"productId":"652803e3d90c5abbaff6070e"}
GET /api/dpd/pickup_points 200 67493 - 554.989 ms  
PUT /api/cart 201 27 - 67.964 ms {"deliveryMethod":"bakery"}
PUT /api/cart 201 32 - 58.786 ms {"deliveryMethod":"pickupPoint"}
GET /api/order/all 200 212242 - 303.948 ms  
GET /api/order/6563f0b9a7c1f35a8166ca46 200 3470 - 66.811 ms  
PUT /api/order/ready_for_delivery 200 3633 - 658.647 ms {"id":"6563f0b9a7c1f35a8166ca46","deliveryData":{"name":"Jānis Paraudziņš","email":"edzhuks@gmail.com","phone":"+37127869954","street":"","streetNo":"","flatNo":"","city":"","postalCode":"","contactInfo":"","parcels":[{"weight":"0.04"}]}}
GET /api/order/6563f0b9a7c1f35a8166ca46 200 3633 - 93.951 ms  
POST /api/cart/pay/ - - - - ms {"selectedLang":"lv"}
GET /api/cart 200 483 - 30.977 ms  
GET /api/order/6563f0b9a7c1f35a8166ca46 200 3633 - 48.188 ms  
GET /api/order/all 200 212405 - 256.134 ms  
GET /api/order/6563596fbfb2ec5a714a38aa 200 1755 - 57.441 ms  
PUT /api/order/ready_for_delivery 400 168 - 408.739 ms {"id":"6563596fbfb2ec5a714a38aa","deliveryData":{"name":"Es tU","email":"kifod16111@dpsols.com","phone":"+37112345678","street":"","streetNo":"","flatNo":"","city":"","postalCode":"","contactInfo":"","parcels":[{"weight":"0.6"}]}}
GET /api/cart 304 - - 51.075 ms  
GET /api/order/6563596fbfb2ec5a714a38aa 304 - - 80.953 ms  
GET /api/order/all 304 - - 242.504 ms  
PUT /api/order/ready_for_delivery 400 168 - 419.463 ms {"id":"6563596fbfb2ec5a714a38aa","deliveryData":{"name":"Es tU","email":"kifod16111@dpsols.com","phone":"+37112345678","street":"","streetNo":"","flatNo":"","city":"","postalCode":"","contactInfo":"","parcels":[{"weight":"0.6"}]}}
GET /api/order/6563596fbfb2ec5a714a38aa 200 1755 - 51.095 ms  
GET /api/cart 200 483 - 58.950 ms  
GET /api/order/all 200 212405 - 264.251 ms  
PUT /api/order/ready_for_delivery 400 168 - 360.666 ms {"id":"6563596fbfb2ec5a714a38aa","deliveryData":{"name":"Es tU","email":"kifod16111@dpsols.com","phone":"+37112345678","street":"","streetNo":"","flatNo":"","city":"","postalCode":"","contactInfo":"","parcels":[{"weight":"0.6"}]}}
GET /api/cart 200 483 - 58.860 ms  
GET /api/order/6563596fbfb2ec5a714a38aa 200 1755 - 91.619 ms  
GET /api/order/all 200 212405 - 313.641 ms  
PUT /api/order/ready_for_delivery 400 373 - 428.181 ms {"id":"6563596fbfb2ec5a714a38aa","deliveryData":{"name":"Es tU","email":"kifod16111@dpsols.com","phone":"+37112345678","street":"","streetNo":"","flatNo":"","city":"","postalCode":"","contactInfo":"","parcels":[{"weight":"0.6"}]}}
PUT /api/order/ready_for_delivery 400 369 - 436.286 ms {"id":"6563596fbfb2ec5a714a38aa","deliveryData":{"name":"Es tU","email":"kifod16111@dpsols.com","phone":"+37112345678","street":"","streetNo":"","flatNo":"","city":"","postalCode":"","contactInfo":"","parcels":[{"weight":"0.6"}]}}
PUT /api/order/ready_for_delivery 400 46 - 539.714 ms {"id":"6563596fbfb2ec5a714a38aa","deliveryData":{"name":"Es tU","email":"kifod16111@dpsols.com","phone":"+37112345678","street":"","streetNo":"","flatNo":"","city":"","postalCode":"","contactInfo":"","parcels":[{"weight":"0.6"}]}}
GET /api/banners 200 189 - 27.793 ms  
GET /api/categories/discount 200 2792 - 49.026 ms  
GET /api/categories/all 200 75350 - 217.117 ms  
GET /api/categories/home 200 2881 - 156.600 ms  
